<?xml version="1.0" encoding="UTF-8"?>
<testng-results ignored="0" total="4" passed="4" failed="0" skipped="0">
  <reporter-output>
  </reporter-output>
  <suite started-at="2024-10-20T10:36:27 IST" name="Suite" finished-at="2024-10-20T10:36:27 IST" duration-ms="169">
    <groups>
    </groups>
    <test started-at="2024-10-20T10:36:27 IST" name="Test1" finished-at="2024-10-20T10:36:27 IST" duration-ms="61">
      <class name="day1.pack.C1">
        <test-method is-config="true" signature="bt()[pri:0, instance:day1.pack.C1@b9b00e0]" started-at="2024-10-20T10:36:27 IST" name="bt" finished-at="2024-10-20T10:36:27 IST" duration-ms="7" status="PASS">
          <reporter-output>
          </reporter-output>
        </test-method> <!-- bt -->
        <test-method signature="abc()[pri:0, instance:day1.pack.C1@b9b00e0]" started-at="2024-10-20T10:36:27 IST" name="abc" finished-at="2024-10-20T10:36:27 IST" duration-ms="12" status="PASS">
          <reporter-output>
          </reporter-output>
        </test-method> <!-- abc -->
      </class> <!-- day1.pack.C1 -->
      <class name="day1.pack.C2">
        <test-method signature="xyz()[pri:0, instance:day1.pack.C2@783a467b]" started-at="2024-10-20T10:36:27 IST" name="xyz" finished-at="2024-10-20T10:36:27 IST" duration-ms="3" status="PASS">
          <reporter-output>
          </reporter-output>
        </test-method> <!-- xyz -->
        <test-method is-config="true" signature="at()[pri:0, instance:day1.pack.C2@783a467b]" started-at="2024-10-20T10:36:27 IST" name="at" finished-at="2024-10-20T10:36:27 IST" duration-ms="0" status="PASS">
          <reporter-output>
          </reporter-output>
        </test-method> <!-- at -->
      </class> <!-- day1.pack.C2 -->
    </test> <!-- Test1 -->
    <test started-at="2024-10-20T10:36:27 IST" name="Test2" finished-at="2024-10-20T10:36:27 IST" duration-ms="11">
      <class name="day1.pack.C1">
        <test-method is-config="true" signature="bt()[pri:0, instance:day1.pack.C1@2a7f1f10]" started-at="2024-10-20T10:36:27 IST" name="bt" finished-at="2024-10-20T10:36:27 IST" duration-ms="0" status="PASS">
          <reporter-output>
          </reporter-output>
        </test-method> <!-- bt -->
        <test-method signature="abc()[pri:0, instance:day1.pack.C1@2a7f1f10]" started-at="2024-10-20T10:36:27 IST" name="abc" finished-at="2024-10-20T10:36:27 IST" duration-ms="2" status="PASS">
          <reporter-output>
          </reporter-output>
        </test-method> <!-- abc -->
      </class> <!-- day1.pack.C1 -->
      <class name="day1.pack.C2">
        <test-method signature="xyz()[pri:0, instance:day1.pack.C2@46cdf8bd]" started-at="2024-10-20T10:36:27 IST" name="xyz" finished-at="2024-10-20T10:36:27 IST" duration-ms="2" status="PASS">
          <reporter-output>
          </reporter-output>
        </test-method> <!-- xyz -->
        <test-method is-config="true" signature="at()[pri:0, instance:day1.pack.C2@46cdf8bd]" started-at="2024-10-20T10:36:27 IST" name="at" finished-at="2024-10-20T10:36:27 IST" duration-ms="1" status="PASS">
          <reporter-output>
          </reporter-output>
        </test-method> <!-- at -->
      </class> <!-- day1.pack.C2 -->
    </test> <!-- Test2 -->
  </suite> <!-- Suite -->
</testng-results>
